\BOOKMARK [1][-]{section.1}{Introduzione}{}% 1
\BOOKMARK [2][-]{subsection.1.1}{Cos'\350 Monolith SDK?}{section.1}% 2
\BOOKMARK [2][-]{subsection.1.2}{Scopo del documento}{section.1}% 3
\BOOKMARK [1][-]{section.2}{Utilizzo}{}% 4
\BOOKMARK [2][-]{subsection.2.1}{Layout}{section.2}% 5
\BOOKMARK [3][-]{subsubsection.2.1.1}{VerticalLayout}{subsection.2.1}% 6
\BOOKMARK [3][-]{subsubsection.2.1.2}{HorizontalalLayout}{subsection.2.1}% 7
\BOOKMARK [2][-]{subsection.2.2}{Components}{section.2}% 8
\BOOKMARK [3][-]{subsubsection.2.2.1}{CheckButton}{subsection.2.2}% 9
\BOOKMARK [3][-]{subsubsection.2.2.2}{CheckBoxList}{subsection.2.2}% 10
\BOOKMARK [3][-]{subsubsection.2.2.3}{ComboBox}{subsection.2.2}% 11
\BOOKMARK [3][-]{subsubsection.2.2.4}{Image}{subsection.2.2}% 12
\BOOKMARK [3][-]{subsubsection.2.2.5}{ImageButton}{subsection.2.2}% 13
\BOOKMARK [3][-]{subsubsection.2.2.6}{LineEdit}{subsection.2.2}% 14
\BOOKMARK [3][-]{subsubsection.2.2.7}{LineEditComboBox}{subsection.2.2}% 15
\BOOKMARK [3][-]{subsubsection.2.2.8}{LineEditPushButton}{subsection.2.2}% 16
\BOOKMARK [3][-]{subsubsection.2.2.9}{PushButton}{subsection.2.2}% 17
\BOOKMARK [3][-]{subsubsection.2.2.10}{RadioButtonGroup}{subsection.2.2}% 18
\BOOKMARK [3][-]{subsubsection.2.2.11}{TextAreaButton}{subsection.2.2}% 19
\BOOKMARK [3][-]{subsubsection.2.2.12}{TextAreaComboBox}{subsection.2.2}% 20
\BOOKMARK [1][-]{section.3}{Bolle}{}% 21
\BOOKMARK [2][-]{subsection.3.1}{CurrencyBubble}{section.3}% 22
\BOOKMARK [2][-]{subsection.3.2}{ListBubble}{section.3}% 23
\BOOKMARK [2][-]{subsection.3.3}{PollBubble}{section.3}% 24
\BOOKMARK [2][-]{subsection.3.4}{DiceBubble}{section.3}% 25
\BOOKMARK [1][-]{section.4}{DEMO - Lista con Checklist}{}% 26
\BOOKMARK [2][-]{subsection.4.1}{Checklist}{section.4}% 27
\BOOKMARK [2][-]{subsection.4.2}{Lista}{section.4}% 28
