\BOOKMARK [1][-]{section.1}{Introduzione}{}% 1
\BOOKMARK [2][-]{subsection.1.1}{Scopo del documento}{section.1}% 2
\BOOKMARK [2][-]{subsection.1.2}{Scopo del prodotto}{section.1}% 3
\BOOKMARK [2][-]{subsection.1.3}{Glossario}{section.1}% 4
\BOOKMARK [2][-]{subsection.1.4}{Riferimenti}{section.1}% 5
\BOOKMARK [3][-]{subsubsection.1.4.1}{Normativi}{subsection.1.4}% 6
\BOOKMARK [3][-]{subsubsection.1.4.2}{Informativi}{subsection.1.4}% 7
\BOOKMARK [2][-]{subsection.1.5}{Ciclo di Vita}{section.1}% 8
\BOOKMARK [2][-]{subsection.1.6}{Scadenze}{section.1}% 9
\BOOKMARK [1][-]{section.2}{Analisi dei rischi}{}% 10
\BOOKMARK [2][-]{subsection.2.1}{Rischi tecnologici}{section.2}% 11
\BOOKMARK [3][-]{subsubsection.2.1.1}{Tecnologie adottate}{subsection.2.1}% 12
\BOOKMARK [3][-]{subsubsection.2.1.2}{Guasti Hardware}{subsection.2.1}% 13
\BOOKMARK [2][-]{subsection.2.2}{Rischi organizzativi}{section.2}% 14
\BOOKMARK [3][-]{subsubsection.2.2.1}{Rotazione ruoli}{subsection.2.2}% 15
\BOOKMARK [3][-]{subsubsection.2.2.2}{Pianificazione errata}{subsection.2.2}% 16
\BOOKMARK [2][-]{subsection.2.3}{Rischi sul personale}{section.2}% 17
\BOOKMARK [3][-]{subsubsection.2.3.1}{Problemi dei componenti del gruppo}{subsection.2.3}% 18
\BOOKMARK [3][-]{subsubsection.2.3.2}{Problemi tra i componenti del gruppo}{subsection.2.3}% 19
\BOOKMARK [3][-]{subsubsection.2.3.3}{Problemi di inesperienza}{subsection.2.3}% 20
\BOOKMARK [2][-]{subsection.2.4}{Rischi sulla strumentazione}{section.2}% 21
\BOOKMARK [3][-]{subsubsection.2.4.1}{Inesperienza nell'utilizzo degli strumenti}{subsection.2.4}% 22
\BOOKMARK [2][-]{subsection.2.5}{Rischi sui requisiti}{section.2}% 23
\BOOKMARK [3][-]{subsubsection.2.5.1}{Incomprensione dei requisiti}{subsection.2.5}% 24
\BOOKMARK [1][-]{section.3}{Pianificazione}{}% 25
\BOOKMARK [2][-]{subsection.3.1}{Analisi dei Requisiti}{section.3}% 26
\BOOKMARK [2][-]{subsection.3.2}{Analisi dei Requisiti in Dettaglio}{section.3}% 27
\BOOKMARK [2][-]{subsection.3.3}{Progettazione Architetturale}{section.3}% 28
\BOOKMARK [2][-]{subsection.3.4}{Progettazione di Dettaglio}{section.3}% 29
\BOOKMARK [2][-]{subsection.3.5}{Codifica}{section.3}% 30
\BOOKMARK [2][-]{subsection.3.6}{Validazione}{section.3}% 31
\BOOKMARK [1][-]{section.4}{Calendario delle attivit\340}{}% 32
\BOOKMARK [2][-]{subsection.4.1}{Analisi dei Requisiti}{section.4}% 33
\BOOKMARK [2][-]{subsection.4.2}{Analisi dei requisiti in dettaglio}{section.4}% 34
\BOOKMARK [2][-]{subsection.4.3}{Progettazione Architetturale}{section.4}% 35
\BOOKMARK [2][-]{subsection.4.4}{Progettazione di Dettaglio}{section.4}% 36
\BOOKMARK [2][-]{subsection.4.5}{Codifica}{section.4}% 37
\BOOKMARK [2][-]{subsection.4.6}{Validazione}{section.4}% 38
\BOOKMARK [2][-]{subsection.4.7}{Quadro riassuntivo}{section.4}% 39
\BOOKMARK [1][-]{section.5}{Suddivisione del lavoro}{}% 40
\BOOKMARK [2][-]{subsection.5.1}{Analisi dei requisiti}{section.5}% 41
\BOOKMARK [2][-]{subsection.5.2}{Analisi dei Requisiti in Dettaglio}{section.5}% 42
\BOOKMARK [2][-]{subsection.5.3}{Progettazione architetturale}{section.5}% 43
\BOOKMARK [2][-]{subsection.5.4}{Progettazione in Dettaglio}{section.5}% 44
\BOOKMARK [2][-]{subsection.5.5}{Codifica}{section.5}% 45
\BOOKMARK [2][-]{subsection.5.6}{Validazione}{section.5}% 46
\BOOKMARK [2][-]{subsection.5.7}{Totali}{section.5}% 47
\BOOKMARK [1][-]{section.6}{Prospetto economico}{}% 48
\BOOKMARK [2][-]{subsection.6.1}{Analisi dei Requisiti}{section.6}% 49
\BOOKMARK [2][-]{subsection.6.2}{Analisi dei Requisiti in Dettaglio}{section.6}% 50
\BOOKMARK [2][-]{subsection.6.3}{Progettazione Architetturale}{section.6}% 51
\BOOKMARK [2][-]{subsection.6.4}{Progettazione di Dettaglio}{section.6}% 52
\BOOKMARK [2][-]{subsection.6.5}{Codifica}{section.6}% 53
\BOOKMARK [2][-]{subsection.6.6}{Validazione}{section.6}% 54
\BOOKMARK [2][-]{subsection.6.7}{Totale}{section.6}% 55
\BOOKMARK [3][-]{subsubsection.6.7.1}{Ore totali}{subsection.6.7}% 56
\BOOKMARK [3][-]{subsubsection.6.7.2}{Conclusioni}{subsection.6.7}% 57
\BOOKMARK [1][-]{section.7}{Consuntivo di periodo}{}% 58
\BOOKMARK [2][-]{subsection.7.1}{Analisi dei Requisiti}{section.7}% 59
\BOOKMARK [3][-]{subsubsection.7.1.1}{Consuntivo}{subsection.7.1}% 60
\BOOKMARK [3][-]{subsubsection.7.1.2}{Conclusioni}{subsection.7.1}% 61
\BOOKMARK [2][-]{subsection.7.2}{Analisi di dettaglio}{section.7}% 62
\BOOKMARK [3][-]{subsubsection.7.2.1}{Consuntivo}{subsection.7.2}% 63
\BOOKMARK [3][-]{subsubsection.7.2.2}{Conclusioni}{subsection.7.2}% 64
\BOOKMARK [2][-]{subsection.7.3}{Progettazione Architetturale}{section.7}% 65
\BOOKMARK [3][-]{subsubsection.7.3.1}{Consuntivo}{subsection.7.3}% 66
\BOOKMARK [3][-]{subsubsection.7.3.2}{Conclusioni}{subsection.7.3}% 67
\BOOKMARK [2][-]{subsection.7.4}{Progettazione in Dettaglio}{section.7}% 68
\BOOKMARK [3][-]{subsubsection.7.4.1}{Consuntivo}{subsection.7.4}% 69
\BOOKMARK [3][-]{subsubsection.7.4.2}{Conclusioni}{subsection.7.4}% 70
\BOOKMARK [1][-]{appendix.Alph1}{Organigramma}{}% 71
\BOOKMARK [2][-]{subsection.Alph1.1}{Redazione}{appendix.Alph1}% 72
\BOOKMARK [2][-]{subsection.Alph1.2}{Approvazione}{appendix.Alph1}% 73
\BOOKMARK [2][-]{subsection.Alph1.3}{Accettazione dei componenti}{appendix.Alph1}% 74
\BOOKMARK [2][-]{subsection.Alph1.4}{Componenti}{appendix.Alph1}% 75
