\BOOKMARK [1][-]{section.1}{Introduzione}{}% 1
\BOOKMARK [2][-]{subsection.1.1}{Scopo del documento}{section.1}% 2
\BOOKMARK [2][-]{subsection.1.2}{Scopo del prodotto}{section.1}% 3
\BOOKMARK [2][-]{subsection.1.3}{Glossario}{section.1}% 4
\BOOKMARK [2][-]{subsection.1.4}{Riferimenti}{section.1}% 5
\BOOKMARK [3][-]{subsubsection.1.4.1}{Normativi}{subsection.1.4}% 6
\BOOKMARK [3][-]{subsubsection.1.4.2}{Informativi}{subsection.1.4}% 7
\BOOKMARK [1][-]{section.2}{Visione generale della qualit\340}{}% 8
\BOOKMARK [2][-]{subsection.2.1}{Obiettivi di qualit\340}{section.2}% 9
\BOOKMARK [3][-]{subsubsection.2.1.1}{Qualit\340 di processo}{subsection.2.1}% 10
\BOOKMARK [3][-]{subsubsection.2.1.2}{Qualit\340 di prodotto}{subsection.2.1}% 11
\BOOKMARK [3][-]{subsubsection.2.1.3}{Tabella degli Obiettivi}{subsection.2.1}% 12
\BOOKMARK [2][-]{subsection.2.2}{Organizzazione temporale}{section.2}% 13
\BOOKMARK [3][-]{subsubsection.2.2.1}{Analisi}{subsection.2.2}% 14
\BOOKMARK [3][-]{subsubsection.2.2.2}{Progettazione Architetturale}{subsection.2.2}% 15
\BOOKMARK [3][-]{subsubsection.2.2.3}{Progettazione di Dettaglio e Codifica}{subsection.2.2}% 16
\BOOKMARK [2][-]{subsection.2.3}{Tecniche di analisi}{section.2}% 17
\BOOKMARK [3][-]{subsubsection.2.3.1}{Analisi statica}{subsection.2.3}% 18
\BOOKMARK [3][-]{subsubsection.2.3.2}{Analisi dinamica}{subsection.2.3}% 19
\BOOKMARK [1][-]{section.3}{Visione di dettaglio della qualit\340}{}% 20
\BOOKMARK [2][-]{subsection.3.1}{Responsabilit\340}{section.3}% 21
\BOOKMARK [2][-]{subsection.3.2}{Risorse}{section.3}% 22
\BOOKMARK [3][-]{subsubsection.3.2.1}{Risorse umane}{subsection.3.2}% 23
\BOOKMARK [3][-]{subsubsection.3.2.2}{Risorse tecnologiche}{subsection.3.2}% 24
\BOOKMARK [2][-]{subsection.3.3}{Misure e metriche}{section.3}% 25
\BOOKMARK [3][-]{subsubsection.3.3.1}{Metriche per i processi}{subsection.3.3}% 26
\BOOKMARK [3][-]{subsubsection.3.3.2}{Metriche per i prodotti}{subsection.3.3}% 27
\BOOKMARK [2][-]{subsection.3.4}{Riassunto della relazione tra metriche e obiettivi di qualit\340}{section.3}% 28
\BOOKMARK [1][-]{section.4}{Gestione amministrativa della revisione}{}% 29
\BOOKMARK [2][-]{subsection.4.1}{Comunicazione delle anomalie}{section.4}% 30
\BOOKMARK [2][-]{subsection.4.2}{Procedure di controllo per la qualit\340 di processo}{section.4}% 31
\BOOKMARK [1][-]{section.5}{Pianificazione dei Test}{}% 32
\BOOKMARK [2][-]{subsection.5.1}{Test di Unit\340}{section.5}% 33
\BOOKMARK [2][-]{subsection.5.2}{Test di Integrazione}{section.5}% 34
\BOOKMARK [2][-]{subsection.5.3}{Test di Sistema}{section.5}% 35
\BOOKMARK [2][-]{subsection.5.4}{Test di Validazione}{section.5}% 36
\BOOKMARK [1][-]{appendix.Alph1}{Standard di qualit\340}{}% 37
\BOOKMARK [2][-]{subsection.Alph1.1}{Standard ISO/IEC 15504}{appendix.Alph1}% 38
\BOOKMARK [2][-]{subsection.Alph1.2}{Ciclo di Deming - PDCA}{appendix.Alph1}% 39
\BOOKMARK [2][-]{subsection.Alph1.3}{Standard ISO/IEC 9126}{appendix.Alph1}% 40
\BOOKMARK [1][-]{appendix.Alph2}{Resoconto delle attivit\340 di verifica}{}% 41
\BOOKMARK [2][-]{subsection.Alph2.1}{Revisione dei Requisiti}{appendix.Alph2}% 42
\BOOKMARK [3][-]{subsubsection.Alph2.1.1}{Verifiche sui Processi}{subsection.Alph2.1}% 43
\BOOKMARK [3][-]{subsubsection.Alph2.1.2}{Documenti}{subsection.Alph2.1}% 44
\BOOKMARK [2][-]{subsection.Alph2.2}{Revisione di Progettazione}{appendix.Alph2}% 45
\BOOKMARK [3][-]{subsubsection.Alph2.2.1}{Verifiche sui processi}{subsection.Alph2.2}% 46
\BOOKMARK [3][-]{subsubsection.Alph2.2.2}{Verifica dei Documenti}{subsection.Alph2.2}% 47
\BOOKMARK [2][-]{subsection.Alph2.3}{Revisione di Qualifica}{appendix.Alph2}% 48
\BOOKMARK [3][-]{subsubsection.Alph2.3.1}{Verifiche sui processi}{subsection.Alph2.3}% 49
\BOOKMARK [3][-]{subsubsection.Alph2.3.2}{Produttivit\340}{subsection.Alph2.3}% 50
\BOOKMARK [3][-]{subsubsection.Alph2.3.3}{Verifica dei Documenti}{subsection.Alph2.3}% 51
\BOOKMARK [3][-]{subsubsection.Alph2.3.4}{Metriche per software}{subsection.Alph2.3}% 52
\BOOKMARK [2][-]{subsection.Alph2.4}{Revisione di Accettazione}{appendix.Alph2}% 53
\BOOKMARK [3][-]{subsubsection.Alph2.4.1}{Verifiche sui processi}{subsection.Alph2.4}% 54
\BOOKMARK [3][-]{subsubsection.Alph2.4.2}{Produttivit\340}{subsection.Alph2.4}% 55
\BOOKMARK [3][-]{subsubsection.Alph2.4.3}{Verifica dei Documenti}{subsection.Alph2.4}% 56
\BOOKMARK [3][-]{subsubsection.Alph2.4.4}{Metriche per software}{subsection.Alph2.4}% 57
