\BOOKMARK [1][-]{section.1}{Introduzione}{}% 1
\BOOKMARK [2][-]{subsection.1.1}{Scopo del documento}{section.1}% 2
\BOOKMARK [2][-]{subsection.1.2}{Scopo del prodotto}{section.1}% 3
\BOOKMARK [2][-]{subsection.1.3}{Glossario}{section.1}% 4
\BOOKMARK [2][-]{subsection.1.4}{Riferimenti}{section.1}% 5
\BOOKMARK [3][-]{subsubsection.1.4.1}{Informativi}{subsection.1.4}% 6
\BOOKMARK [3][-]{subsubsection.1.4.2}{Normativi}{subsection.1.4}% 7
\BOOKMARK [1][-]{section.2}{Processi primari}{}% 8
\BOOKMARK [2][-]{subsection.2.1}{Fornitura}{section.2}% 9
\BOOKMARK [3][-]{subsubsection.2.1.1}{Studio di fattibilit\340}{subsection.2.1}% 10
\BOOKMARK [2][-]{subsection.2.2}{Sviluppo}{section.2}% 11
\BOOKMARK [3][-]{subsubsection.2.2.1}{Analisi dei requisiti}{subsection.2.2}% 12
\BOOKMARK [3][-]{subsubsection.2.2.2}{Progettazione}{subsection.2.2}% 13
\BOOKMARK [3][-]{subsubsection.2.2.3}{Codifica}{subsection.2.2}% 14
\BOOKMARK [3][-]{subsubsection.2.2.4}{Strumenti usati}{subsection.2.2}% 15
\BOOKMARK [1][-]{section.3}{Processi di supporto}{}% 16
\BOOKMARK [2][-]{subsection.3.1}{Documentazione}{section.3}% 17
\BOOKMARK [3][-]{subsubsection.3.1.1}{Descrizione }{subsection.3.1}% 18
\BOOKMARK [3][-]{subsubsection.3.1.2}{Strumenti}{subsection.3.1}% 19
\BOOKMARK [3][-]{subsubsection.3.1.3}{Ciclo di vita di un documento}{subsection.3.1}% 20
\BOOKMARK [3][-]{subsubsection.3.1.4}{Documenti finali}{subsection.3.1}% 21
\BOOKMARK [3][-]{subsubsection.3.1.5}{Struttura del documento}{subsection.3.1}% 22
\BOOKMARK [3][-]{subsubsection.3.1.6}{Norme tipografiche}{subsection.3.1}% 23
\BOOKMARK [3][-]{subsubsection.3.1.7}{Composizione email}{subsection.3.1}% 24
\BOOKMARK [3][-]{subsubsection.3.1.8}{Componenti grafiche}{subsection.3.1}% 25
\BOOKMARK [3][-]{subsubsection.3.1.9}{Versionamento}{subsection.3.1}% 26
\BOOKMARK [2][-]{subsection.3.2}{Gestione della configurazione}{section.3}% 27
\BOOKMARK [3][-]{subsubsection.3.2.1}{Controllo di versione}{subsection.3.2}% 28
\BOOKMARK [3][-]{subsubsection.3.2.2}{Repository}{subsection.3.2}% 29
\BOOKMARK [2][-]{subsection.3.3}{Verifica}{section.3}% 30
\BOOKMARK [3][-]{subsubsection.3.3.1}{Descrizione}{subsection.3.3}% 31
\BOOKMARK [3][-]{subsubsection.3.3.2}{Analisi}{subsection.3.3}% 32
\BOOKMARK [3][-]{subsubsection.3.3.3}{Test}{subsection.3.3}% 33
\BOOKMARK [3][-]{subsubsection.3.3.4}{Verifica dei documenti}{subsection.3.3}% 34
\BOOKMARK [3][-]{subsubsection.3.3.5}{Verifica del codice}{subsection.3.3}% 35
\BOOKMARK [2][-]{subsection.3.4}{Validazione}{section.3}% 36
\BOOKMARK [3][-]{subsubsection.3.4.1}{Test di validazione}{subsection.3.4}% 37
\BOOKMARK [1][-]{section.4}{Processi Organizzativi}{}% 38
\BOOKMARK [2][-]{subsection.4.1}{Scopo}{section.4}% 39
\BOOKMARK [2][-]{subsection.4.2}{Aspettative del Processo}{section.4}% 40
\BOOKMARK [2][-]{subsection.4.3}{Ruoli di Progetto}{section.4}% 41
\BOOKMARK [3][-]{subsubsection.4.3.1}{Amministratore di Progetto}{subsection.4.3}% 42
\BOOKMARK [3][-]{subsubsection.4.3.2}{Responsabile di Progetto}{subsection.4.3}% 43
\BOOKMARK [3][-]{subsubsection.4.3.3}{Analista}{subsection.4.3}% 44
\BOOKMARK [3][-]{subsubsection.4.3.4}{Progettista}{subsection.4.3}% 45
\BOOKMARK [3][-]{subsubsection.4.3.5}{Verificatore}{subsection.4.3}% 46
\BOOKMARK [3][-]{subsubsection.4.3.6}{Programmatore}{subsection.4.3}% 47
\BOOKMARK [2][-]{subsection.4.4}{Comunicazioni}{section.4}% 48
\BOOKMARK [3][-]{subsubsection.4.4.1}{Comunicazioni interne}{subsection.4.4}% 49
\BOOKMARK [3][-]{subsubsection.4.4.2}{Comunicazioni esterne}{subsection.4.4}% 50
\BOOKMARK [2][-]{subsection.4.5}{Riunioni}{section.4}% 51
\BOOKMARK [3][-]{subsubsection.4.5.1}{Riunioni interne}{subsection.4.5}% 52
\BOOKMARK [3][-]{subsubsection.4.5.2}{Riunioni esterne}{subsection.4.5}% 53
\BOOKMARK [2][-]{subsection.4.6}{Ticketing}{section.4}% 54
\BOOKMARK [3][-]{subsubsection.4.6.1}{Struttura del ticket}{subsection.4.6}% 55
\BOOKMARK [3][-]{subsubsection.4.6.2}{Etichette}{subsection.4.6}% 56
\BOOKMARK [3][-]{subsubsection.4.6.3}{Ciclo di vita del ticket}{subsection.4.6}% 57
\BOOKMARK [3][-]{subsubsection.4.6.4}{Verifica Ticket}{subsection.4.6}% 58
\BOOKMARK [2][-]{subsection.4.7}{Procedure di supporto}{section.4}% 59
\BOOKMARK [3][-]{subsubsection.4.7.1}{Pianificazione delle attivit\340}{subsection.4.7}% 60
\BOOKMARK [3][-]{subsubsection.4.7.2}{Coordinamento delle attivit\340}{subsection.4.7}% 61
\BOOKMARK [3][-]{subsubsection.4.7.3}{Gestione dei rischi}{subsection.4.7}% 62
\BOOKMARK [2][-]{subsection.4.8}{Strumenti}{section.4}% 63
\BOOKMARK [3][-]{subsubsection.4.8.1}{Sistema operativo}{subsection.4.8}% 64
\BOOKMARK [3][-]{subsubsection.4.8.2}{Git}{subsection.4.8}% 65
\BOOKMARK [3][-]{subsubsection.4.8.3}{GitHub}{subsection.4.8}% 66
\BOOKMARK [3][-]{subsubsection.4.8.4}{Asana}{subsection.4.8}% 67
\BOOKMARK [3][-]{subsubsection.4.8.5}{Microsoft Project}{subsection.4.8}% 68
\BOOKMARK [3][-]{subsubsection.4.8.6}{Slack}{subsection.4.8}% 69
\BOOKMARK [3][-]{subsubsection.4.8.7}{Telegram}{subsection.4.8}% 70
\BOOKMARK [3][-]{subsubsection.4.8.8}{Google Drive}{subsection.4.8}% 71
\BOOKMARK [3][-]{subsubsection.4.8.9}{Google Calendar}{subsection.4.8}% 72
\BOOKMARK [3][-]{subsubsection.4.8.10}{Skype}{subsection.4.8}% 73
\BOOKMARK [1][-]{appendix.Alph1}{Lista di controllo}{}% 74
