\BOOKMARK [1][-]{section.1}{Introduzione}{}% 1
\BOOKMARK [2][-]{subsection.1.1}{Scopo del documento}{section.1}% 2
\BOOKMARK [2][-]{subsection.1.2}{Scopo del prodotto}{section.1}% 3
\BOOKMARK [2][-]{subsection.1.3}{Glossario}{section.1}% 4
\BOOKMARK [2][-]{subsection.1.4}{Riferimenti}{section.1}% 5
\BOOKMARK [3][-]{subsubsection.1.4.1}{Normativi}{subsection.1.4}% 6
\BOOKMARK [3][-]{subsubsection.1.4.2}{Informativi}{subsection.1.4}% 7
\BOOKMARK [1][-]{section.2}{Descrizione generale}{}% 8
\BOOKMARK [2][-]{subsection.2.1}{Contesto d'uso e funzionalit\340 dell'SDK}{section.2}% 9
\BOOKMARK [3][-]{subsubsection.2.1.1}{Caratteristiche degli utenti}{subsection.2.1}% 10
\BOOKMARK [2][-]{subsection.2.2}{Contesto d'uso e funzionalit\340 delle bolle}{section.2}% 11
\BOOKMARK [3][-]{subsubsection.2.2.1}{Caratteristiche degli utenti}{subsection.2.2}% 12
\BOOKMARK [1][-]{section.3}{Casi d'uso}{}% 13
\BOOKMARK [2][-]{subsection.3.1}{Caso d'uso UC1: Creazione bolla vuota.}{section.3}% 14
\BOOKMARK [2][-]{subsection.3.2}{Caso d'uso UC2: Accesso alle funzionalit\340 dell'API.}{section.3}% 15
\BOOKMARK [2][-]{subsection.3.3}{Caso d'uso UC2.1: Specifica Gui.}{section.3}% 16
\BOOKMARK [2][-]{subsection.3.4}{Caso d'uso UC2.1.1: Inserimento di un componente grafico.}{section.3}% 17
\BOOKMARK [2][-]{subsection.3.5}{Caso d'uso UC2.1.2: Modifica propriet\340 di un componente grafico.}{section.3}% 18
\BOOKMARK [2][-]{subsection.3.6}{Caso d'uso UC2.1.2.1: Modifica contenuto del componente testo.}{section.3}% 19
\BOOKMARK [2][-]{subsection.3.7}{Caso d'uso UC2.1.2.2: Impostazione percorso dell'immagine da visualizzare nel componente immagine.}{section.3}% 20
\BOOKMARK [2][-]{subsection.3.8}{Caso d'uso UC2.1.2.3: Modifica testo mostrato nel pulsante.}{section.3}% 21
\BOOKMARK [2][-]{subsection.3.9}{Caso d'uso UC2.1.2.4: Impostazione dell'azione associata al pulsante.}{section.3}% 22
\BOOKMARK [2][-]{subsection.3.10}{Caso d'uso UC2.1.2.5: Impostazione testo della checkbox.}{section.3}% 23
\BOOKMARK [2][-]{subsection.3.11}{Caso d'uso UC2.1.2.6: Impostazione opzioni di scelta del radiobutton.}{section.3}% 24
\BOOKMARK [2][-]{subsection.3.12}{Caso d'uso UC2.1.3: Selezione di un componente grafico o di un contenitore.}{section.3}% 25
\BOOKMARK [2][-]{subsection.3.13}{Caso d'uso UC2.1.4: Inserimento del menu di configurazione della bolla.}{section.3}% 26
\BOOKMARK [2][-]{subsection.3.14}{Caso d'uso UC2.1.5: Inserimento contenitore.}{section.3}% 27
\BOOKMARK [2][-]{subsection.3.15}{Caso d'uso UC2.2: Identificazione Mittente o Ricevente.}{section.3}% 28
\BOOKMARK [2][-]{subsection.3.16}{Caso d'uso UC2.3: Gestione persistenza dei dati.}{section.3}% 29
\BOOKMARK [2][-]{subsection.3.17}{Caso d'uso UC2.3.1: Specifica parametri di accettazione dell'input.}{section.3}% 30
\BOOKMARK [2][-]{subsection.3.18}{Caso d'uso UC2.3.2: Gestione input non accettabile.}{section.3}% 31
\BOOKMARK [2][-]{subsection.3.19}{Caso d'uso UC2.3.2.1: Specifica gestione errore da parte del sistema.}{section.3}% 32
\BOOKMARK [2][-]{subsection.3.20}{Caso d'uso UC2.3.2.2: Specifica messaggio di errore.}{section.3}% 33
\BOOKMARK [2][-]{subsection.3.21}{Caso d'uso UC2.3.3: Gestione dati memorizzati.}{section.3}% 34
\BOOKMARK [2][-]{subsection.3.22}{Caso d'uso UC3: Utilizzo dell'interfaccia in Rocket.Chat per l'uso delle bolle.}{section.3}% 35
\BOOKMARK [2][-]{subsection.3.23}{Caso d'uso UC3.1: Apertura della SideArea1.}{section.3}% 36
\BOOKMARK [2][-]{subsection.3.24}{Caso d'uso UC3.2: Utilizzo della SideArea1.}{section.3}% 37
\BOOKMARK [2][-]{subsection.3.25}{Caso d'uso UC3.2.1: Visualizzazione tipi di bolle.}{section.3}% 38
\BOOKMARK [2][-]{subsection.3.26}{Caso d'uso UC3.2.2: Selezione del tipo di bolla da inviare.}{section.3}% 39
\BOOKMARK [2][-]{subsection.3.27}{Caso d'uso UC3.2.3: Configurazione della bolla.}{section.3}% 40
\BOOKMARK [2][-]{subsection.3.28}{Caso d'uso UC3.2.4: Invio della bolla.}{section.3}% 41
\BOOKMARK [2][-]{subsection.3.29}{Caso d'uso UC3.2.5: Visualizzazione storico bolle inviate dall'utente corrente.}{section.3}% 42
\BOOKMARK [2][-]{subsection.3.30}{Caso d'uso UC3.2.7: Visualizzazione messaggio storico in uscita vuoto.}{section.3}% 43
\BOOKMARK [2][-]{subsection.3.31}{Caso d'uso UC3.2.8: Visualizzazione messaggio errore.}{section.3}% 44
\BOOKMARK [2][-]{subsection.3.32}{Caso d'uso UC3.3: Utilizzo della SideArea2.}{section.3}% 45
\BOOKMARK [2][-]{subsection.3.33}{Caso d'uso UC3.3.1: Visualizzazione storico bolle ricevute.}{section.3}% 46
\BOOKMARK [2][-]{subsection.3.34}{Caso d'uso UC3.3.3: Visualizzazione messaggio storico in ingresso vuoto.}{section.3}% 47
\BOOKMARK [2][-]{subsection.3.35}{Caso d'uso UC3.4: Apertura della SideArea2.}{section.3}% 48
\BOOKMARK [2][-]{subsection.3.36}{Caso d'uso UC0-cv: Bolla convertitore di valuta.}{section.3}% 49
\BOOKMARK [2][-]{subsection.3.37}{Caso d'uso UC1-cv: Seleziona valute.}{section.3}% 50
\BOOKMARK [2][-]{subsection.3.38}{Caso d'uso UC2-cv: Inserimento importo da convertire.}{section.3}% 51
\BOOKMARK [2][-]{subsection.3.39}{Caso d'uso UC3-cv: Visualizzazione valore convertito.}{section.3}% 52
\BOOKMARK [2][-]{subsection.3.40}{Caso d'uso UC4-cv: Visualizzazione menu di configurazione.}{section.3}% 53
\BOOKMARK [2][-]{subsection.3.41}{Caso d'uso UC5-cv: Invio della bolla.}{section.3}% 54
\BOOKMARK [2][-]{subsection.3.42}{Caso d'uso UC0-dd: Bolla estrazione numeri casuali.}{section.3}% 55
\BOOKMARK [2][-]{subsection.3.43}{Caso d'uso UC1-dd: Seleziona range.}{section.3}% 56
\BOOKMARK [2][-]{subsection.3.44}{Caso d'uso UC2-dd: Visualizzazione numero estratto.}{section.3}% 57
\BOOKMARK [2][-]{subsection.3.45}{Caso d'uso UC3-dd: Visualizzazione menu di configurazione.}{section.3}% 58
\BOOKMARK [2][-]{subsection.3.46}{Caso d'uso UC4-dd: Invio della bolla.}{section.3}% 59
\BOOKMARK [2][-]{subsection.3.47}{Caso d'uso UC0-ls: Lista con checklist.}{section.3}% 60
\BOOKMARK [2][-]{subsection.3.48}{Caso d'uso UC1-ls: Definizione della lista.}{section.3}% 61
\BOOKMARK [2][-]{subsection.3.49}{Caso d'uso UC1.1-ls: Inserimento di un nuovo elemento.}{section.3}% 62
\BOOKMARK [2][-]{subsection.3.50}{Caso d'uso UC1.2-ls: Selezione della voce da checklist.}{section.3}% 63
\BOOKMARK [2][-]{subsection.3.51}{Caso d'uso UC1.3-ls: Inserimento titolo lista.}{section.3}% 64
\BOOKMARK [2][-]{subsection.3.52}{Caso d'uso UC1.4-ls: Rimozione elemento della lista.}{section.3}% 65
\BOOKMARK [2][-]{subsection.3.53}{Caso d'uso UC1.5-ls: Modifica elemento della lista.}{section.3}% 66
\BOOKMARK [2][-]{subsection.3.54}{Caso d'uso UC1.6-ls: Visualizzazione elenco delle checklists.}{section.3}% 67
\BOOKMARK [2][-]{subsection.3.55}{Caso d'uso UC1.7-ls: Visualizzazione singola checklist.}{section.3}% 68
\BOOKMARK [2][-]{subsection.3.56}{Caso d'uso UC2-ls: Definizione di checklist.}{section.3}% 69
\BOOKMARK [2][-]{subsection.3.57}{Caso d'uso UC2.1-ls: Accesso al menu checklists.}{section.3}% 70
\BOOKMARK [2][-]{subsection.3.58}{Caso d'uso UC2.2-ls: Visualizzazione singola checklist.}{section.3}% 71
\BOOKMARK [2][-]{subsection.3.59}{Caso d'uso UC2.3-ls: Accesso al menu di creazione nuova checklist.}{section.3}% 72
\BOOKMARK [2][-]{subsection.3.60}{Caso d'uso UC2.4-ls: Checklist vuota non salvabile.}{section.3}% 73
\BOOKMARK [2][-]{subsection.3.61}{Caso d'uso UC2.5-ls: Inserimento titolo checklist.}{section.3}% 74
\BOOKMARK [2][-]{subsection.3.62}{Caso d'uso UC2.6-ls: Aggiunta di un elemento alla checklist.}{section.3}% 75
\BOOKMARK [2][-]{subsection.3.63}{Caso d'uso UC2.7-ls: Eliminazione di un elemento della checklist.}{section.3}% 76
\BOOKMARK [2][-]{subsection.3.64}{Caso d'uso UC2.8-ls: Modifica di un elemento della checklist.}{section.3}% 77
\BOOKMARK [2][-]{subsection.3.65}{Caso d'uso UC2.9-ls: Eliminazione checklist.}{section.3}% 78
\BOOKMARK [2][-]{subsection.3.66}{Caso d'uso UC3-ls: Spunta della voce.}{section.3}% 79
\BOOKMARK [2][-]{subsection.3.67}{Caso d'uso UC4-ls: Visualizzazione delle spunte.}{section.3}% 80
\BOOKMARK [2][-]{subsection.3.68}{Caso d'uso UC5-ls: Visualizzazione menu di configurazione.}{section.3}% 81
\BOOKMARK [2][-]{subsection.3.69}{Caso d'uso UC6-ls: Invio bolla.}{section.3}% 82
\BOOKMARK [2][-]{subsection.3.70}{Caso d'uso UC0-mt: Meteo.}{section.3}% 83
\BOOKMARK [2][-]{subsection.3.71}{Caso d'uso UC1-mt: Inserimento nome della localit\340.}{section.3}% 84
\BOOKMARK [2][-]{subsection.3.72}{Caso d'uso UC2-mt: Visualizzazione informazioni meteo.}{section.3}% 85
\BOOKMARK [2][-]{subsection.3.73}{Caso d'uso UC3-mt: Visualizzazione menu di configurazione.}{section.3}% 86
\BOOKMARK [2][-]{subsection.3.74}{Caso d'uso UC4-mt: Invio della bolla.}{section.3}% 87
\BOOKMARK [2][-]{subsection.3.75}{Caso d'uso UC5-mt: Visualizzazione dei risultati della ricerca.}{section.3}% 88
\BOOKMARK [2][-]{subsection.3.76}{Caso d'uso UC6-mt: Selezione del risultato desiderato.}{section.3}% 89
\BOOKMARK [2][-]{subsection.3.77}{Caso d'uso UC7-mt: Visualizzazione errore nessun risultato trovato.}{section.3}% 90
\BOOKMARK [2][-]{subsection.3.78}{Caso d'uso UC0-sd: Sondaggio.}{section.3}% 91
\BOOKMARK [2][-]{subsection.3.79}{Caso d'uso UC1-sd: Seleziona opzioni.}{section.3}% 92
\BOOKMARK [2][-]{subsection.3.80}{Caso d'uso UC2-sd: Voto.}{section.3}% 93
\BOOKMARK [2][-]{subsection.3.81}{Caso d'uso UC3-sd: Visualizzazione risultati.}{section.3}% 94
\BOOKMARK [2][-]{subsection.3.82}{Caso d'uso UC4-sd: Visualizzazione del menu di configurazione.}{section.3}% 95
\BOOKMARK [2][-]{subsection.3.83}{Caso d'uso UC5-sd: Invio della bolla.}{section.3}% 96
\BOOKMARK [2][-]{subsection.3.84}{Caso d'uso UC6-sd: Inserimento titolo.}{section.3}% 97
\BOOKMARK [2][-]{subsection.3.85}{Caso d'uso UC0-tr: Bolla traduttore automatico.}{section.3}% 98
\BOOKMARK [2][-]{subsection.3.86}{Caso d'uso UC1-tr: Selezione della lingua di partenza.}{section.3}% 99
\BOOKMARK [2][-]{subsection.3.87}{Caso d'uso UC2-tr: Scrittura del messaggio.}{section.3}% 100
\BOOKMARK [2][-]{subsection.3.88}{Caso d'uso UC3-tr: Visualizzazione menu di configurazione.}{section.3}% 101
\BOOKMARK [2][-]{subsection.3.89}{Caso d'uso UC4-tr: Visualizzazione traduzione.}{section.3}% 102
\BOOKMARK [2][-]{subsection.3.90}{Caso d'uso UC5-tr: Invio bolla.}{section.3}% 103
\BOOKMARK [1][-]{section.4}{Requisiti}{}% 104
\BOOKMARK [2][-]{subsection.4.1}{Requisiti funzionali}{section.4}% 105
\BOOKMARK [2][-]{subsection.4.2}{Requisiti qualitativi}{section.4}% 106
\BOOKMARK [2][-]{subsection.4.3}{Requisiti dichiarativi}{section.4}% 107
\BOOKMARK [2][-]{subsection.4.4}{Riepilogo requisiti}{section.4}% 108
\BOOKMARK [2][-]{subsection.4.5}{Tracciamento fonti - requisiti per l'SDK}{section.4}% 109
\BOOKMARK [2][-]{subsection.4.6}{Tracciamento fonti - requisiti per le bolle}{section.4}% 110
